Fecha: 2025-10-23T13:13:56.582Z
Total referencias encontradas: 768
Total placeholders creados: 767
Archivos creados:
/images/teoria/dispositivos-calculo-antiguos.jpg
/videos/teoria/historia-calculo.mp4
/images/teoria/maquina-analitica-babbage.jpg
/videos/teoria/babbage-ada-lovelace.mp4
/images/teoria/turing-von-neumann.jpg
/videos/teoria/pioneros-computacion.mp4
/images/teoria/intel-4004-microprocesador.jpg
/videos/teoria/revolucion-microprocesador.mp4
/videos/documentales/pioneros-computacion.mp4
/videos/historia/babbage-lovelace.mp4
/videos/biografia/alan-turing.mp4
/videos/tecnologia/historia-microprocesador.mp4
/images/teoria/areas-informatica.jpg
/videos/teoria/que-es-informatica.mp4
/images/teoria/datos-vs-informacion.jpg
/videos/teoria/transformacion-datos.mp4
/images/teoria/componentes-sistema-informacion.jpg
/videos/teoria/sistemas-informacion.mp4
/images/teoria/ciclo-ipo.jpg
/videos/teoria/procesamiento-informacion.mp4
/videos/teoria/introduccion-informatica.mp4
/videos/teoria/datos-informacion.mp4
/videos/teoria/componentes-sistema.mp4
/videos/teoria/ciclo-ipo-cotidiano.mp4
/images/teoria/sistema-binario.jpg
/videos/teoria/introduccion-binario.mp4
/images/teoria/bit-byte-conversion.jpg
/videos/teoria/del-bit-al-byte.mp4
/images/teoria/unidades-almacenamiento.jpg
/videos/teoria/kb-mb-gb-tb.mp4
/images/teoria/almacenamiento-practico.jpg
/videos/teoria/calculos-almacenamiento.mp4
/videos/teoria/sistema-binario-explicado.mp4
/videos/teoria/construccion-byte.mp4
/videos/teoria/unidades-medida-comparacion.mp4
/videos/teoria/calculos-practicos.mp4
/videos/tutorial/guia-compra-dispositivos.mp4
/images/teoria/dispositivos-entrada.jpg
/videos/teoria/hardware-entrada.mp4
/images/teoria/dispositivos-salida.jpg
/videos/teoria/hardware-salida.mp4
/images/teoria/procesamiento-almacenamiento.jpg
/videos/teoria/cpu-gpu-almacenamiento.mp4
/images/teoria/dispositivos-mixtos.jpg
/videos/teoria/hardware-mixto.mp4
/videos/teoria/hardware-basico.mp4
/videos/teoria/almacenamiento-explicado.mp4
/videos/teoria/dispositivos-mixtos-demo.mp4
/images/teoria/que-es-software.jpg
/videos/teoria/software-vs-hardware.mp4
/images/teoria/clasificacion-software.jpg
/videos/teoria/tipos-software.mp4
/images/teoria/licencias-software.jpg
/videos/teoria/software-libre-vs-propietario.mp4
/images/teoria/distribucion-software.jpg
/videos/teoria/futuro-software.mp4
/videos/teoria/conceptos-software.mp4
/videos/teoria/clasificacion-software-detallada.mp4
/videos/teoria/debate-software-libre.mp4
/videos/teoria/futuro-software-2025.mp4
/videos/tutorial/elegir-software.mp4
/images/teoria/placa-base-componentes.jpg
/videos/teoria/arquitectura-motherboard.mp4
/images/teoria/arquitectura-cpu.jpg
/videos/teoria/funcionamiento-procesador.mp4
/images/teoria/tipos-memoria-ram.jpg
/videos/teoria/instalacion-memoria-ram.mp4
/images/teoria/arquitectura-von-neumann.jpg
/videos/teoria/ciclo-ejecucion-cpu.mp4
/videos/teoria/componentes-motherboard.mp4
/videos/teoria/funcionamiento-cpu-moderno.mp4
/videos/tutorial/instalacion-ram.mp4
/videos/historia/von-neumann-documental.mp4
/images/teoria/jerarquia-memoria.jpg
/videos/teoria/piramide-memoria-sistema.mp4
/images/teoria/componentes-disco-duro.jpg
/videos/teoria/funcionamiento-hdd.mp4
/images/teoria/arquitectura-ssd.jpg
/videos/teoria/tecnologia-ssd-nand.mp4
/images/teoria/medios-almacenamiento-portatil.jpg
/videos/teoria/evolucion-almacenamiento-optico.mp4
/videos/teoria/jerarquia-memoria-explicada.mp4
/videos/teoria/anatomia-disco-duro.mp4
/videos/teoria/tecnologia-ssd-completa.mp4
/videos/historia/evolucion-almacenamiento.mp4
/videos/tutorial/guia-compra-almacenamiento.mp4
/images/teoria/mouse-teclado-basico.jpg
/videos/teoria/usar-mouse-teclado-windows.mp4
/images/teoria/atajos-teclado-esenciales.png
/images/teoria/manejo-ventanas-windows.jpg
/videos/teoria/organizar-ventanas-windows.mp4
/images/teoria/atajos-ventanas.png
/images/teoria/personalizar-escritorio-windows.jpg
/videos/teoria/accesos-directos-escritorio.mp4
/images/teoria/organizacion-escritorio.png
/images/teoria/barra-tareas-menu-inicio.jpg
/videos/teoria/usar-barra-tareas-menu-inicio.mp4
/images/teoria/personalizar-menu-inicio.png
/videos/dominando-mouse-teclado.mp4
/videos/organizacion-ventanas.mp4
/videos/personalizacion-escritorio.mp4
/videos/barra-tareas-menu-inicio.mp4
/videos/intro-windows/explorador-tour-completo.mp4
/videos/intro-windows/gestion-archivos-profesional.mp4
/videos/intro-windows/busqueda-avanzada.mp4
/images/teoria/menu-inicio.jpg
/videos/teoria/usar-menu-inicio.mp4
/images/teoria/gestion-ventanas.jpg
/videos/teoria/trabajar-con-ventanas.mp4
/images/teoria/navegacion-windows.jpg
/videos/teoria/atajos-esenciales.mp4
/images/teoria/atajos-teclado.png
/videos/dominar-windows-basico.mp4
/videos/atajos-esenciales.mp4
/images/teoria/partes-barra-tareas.png
/videos/teoria/tour-barra-tareas.mp4
/images/teoria/anclar-aplicaciones.png
/videos/teoria/acceso-rapido-aplicaciones.mp4
/images/teoria/control-aplicaciones.png
/videos/teoria/gestionar-ventanas-activas.mp4
/images/teoria/personalizar-barra-tareas.png
/videos/teoria/configuracion-barra-tareas.mp4
/videos/intro-windows/tour-barra-tareas.mp4
/videos/intro-windows/acceso-rapido.mp4
/videos/intro-windows/menu-inicio-tour-completo.mp4
/images/intro-windows/video-menu-inicio-thumb.jpg
/videos/intro-windows/personalizacion-mosaicos.mp4
/images/intro-windows/video-mosaicos-thumb.jpg
/videos/intro-windows/busqueda-avanzada-menu.mp4
/images/intro-windows/video-busqueda-thumb.jpg
/images/intro-windows/anatomia-menu-inicio.png
/images/intro-windows/tipos-mosaicos.png
/images/intro-windows/interfaz-busqueda.png
/videos/intro-windows/papelera-guia-completa.mp4
/images/intro-windows/video-papelera-thumb.jpg
/videos/intro-windows/restauracion-avanzada.mp4
/images/intro-windows/video-restauracion-thumb.jpg
/videos/intro-windows/configuracion-papelera.mp4
/images/intro-windows/video-config-papelera-thumb.jpg
/images/intro-windows/interfaz-papelera.png
/images/intro-windows/estados-papelera.png
/images/intro-windows/proceso-restauracion.png
/videos/intro-windows/gestion-usuarios-completa.mp4
/images/intro-windows/video-usuarios-thumb.jpg
/videos/intro-windows/control-parental-avanzado.mp4
/images/intro-windows/video-control-parental-thumb.jpg
/videos/intro-windows/permisos-archivos-carpetas.mp4
/images/intro-windows/video-permisos-thumb.jpg
/videos/intro-windows/defender-firewall-configuracion.mp4
/images/intro-windows/video-defender-thumb.jpg
/images/intro-windows/tipos-cuentas-usuario.png
/images/intro-windows/interfaz-control-parental.png
/images/intro-windows/sistema-permisos-windows.png
/images/intro-windows/windows-defender-interfaz.png
/videos/intro-windows/windows-defender-configuracion.mp4
/images/intro-windows/video-defender-config-thumb.jpg
/videos/intro-windows/firewall-configuracion.mp4
/images/intro-windows/video-firewall-thumb.jpg
/videos/intro-windows/archivos-zip-tutorial.mp4
/images/intro-windows/video-zip-thumb.jpg
/videos/intro-windows/gestion-programas.mp4
/images/intro-windows/video-programas-thumb.jpg
/images/intro-windows/defender-interfaz.png
/images/intro-windows/firewall-configuracion.png
/images/intro-windows/crear-zip.png
/images/intro-windows/panel-control.png
/images/teoria/paint-interfaz.jpg
/videos/teoria/introduccion-paint.mp4
/images/teoria/paint-vs-otros.png
/images/teoria/historia-paint.jpg
/videos/teoria/evolucion-paint.mp4
/images/teoria/timeline-paint.png
/images/teoria/interfaz-paint.jpg
/videos/teoria/herramientas-paint.mp4
/images/teoria/guia-herramientas-paint.png
/images/teoria/diseno-grafico-digital.jpg
/videos/teoria/conceptos-diseno-paint.mp4
/images/teoria/principios-diseno.png
/videos/tutorial-basico-paint.mp4
/videos/arte-increible-paint.mp4
/images/teoria/herramientas-formas-paint.png
/videos/teoria/formas-basicas-paint.mp4
/images/teoria/relleno-contorno-paint.png
/videos/teoria/tecnicas-relleno.mp4
/images/teoria/composicion-formas.png
/videos/teoria/principios-composicion.mp4
/images/teoria/proyectos-formas-paint.png
/videos/teoria/proyectos-paso-paso.mp4
/videos/masterclass-composicion-formas.mp4
/videos/tecnicas-relleno-avanzadas.mp4
/videos/patrones-geometricos-paint.mp4
/images/teoria/paint3d-interfaz.jpg
/videos/teoria/introduccion-paint3d.mp4
/images/teoria/paint3d-vs-paint.png
/images/teoria/evolucion-2d-3d.jpg
/videos/teoria/historia-diseno-3d.mp4
/images/teoria/conceptos-3d.png
/images/teoria/interfaz-paint3d-completa.jpg
/videos/teoria/herramientas-paint3d.mp4
/images/teoria/guia-herramientas-3d.png
/images/teoria/conceptos-modelado-3d.jpg
/videos/teoria/fundamentos-modelado-3d.mp4
/images/teoria/workflow-paint3d.png
/videos/tutorial-basico-paint3d.mp4
/videos/primer-modelo-3d.mp4
/videos/materiales-paint3d.mp4
/images/teoria/formas-3d-basicas.png
/videos/teoria/creacion-formas-3d.mp4
/images/teoria/transformaciones-3d.png
/videos/teoria/herramientas-transformacion.mp4
/images/teoria/combinacion-formas-3d.png
/videos/teoria/tecnicas-combinacion.mp4
/images/teoria/modelado-progresivo.png
/videos/teoria/proyecto-progresivo.mp4
/videos/masterclass-objetos-3d.mp4
/videos/transformaciones-3d-explicadas.mp4
/videos/proyecto-robot-paint3d.mp4
/images/teoria/pintura-3d-herramientas.png
/videos/teoria/herramientas-pintura-3d.mp4
/images/teoria/texturas-materiales-3d.png
/videos/teoria/aplicacion-texturas.mp4
/images/teoria/iluminacion-efectos-3d.png
/videos/teoria/configuracion-luces.mp4
/images/teoria/proyecto-decorativo-3d.png
/videos/teoria/proyecto-integrador-completo.mp4
/videos/masterclass-pintura-decoracion-3d.mp4
/videos/tecnicas-texturizado-avanzadas.mp4
/videos/iluminacion-profesional-3d.mp4
/videos/proyecto-jarron-completo.mp4
/images/teoria/composicion-3d-fundamentos.png
/videos/teoria/principios-composicion-3d.mp4
/images/teoria/organizacion-objetos-3d.png
/videos/teoria/distribucion-espacial.mp4
/images/teoria/configuracion-fondos-3d.png
/videos/teoria/ambientes-visuales.mp4
/images/teoria/proyecto-escena-completa.png
/videos/teoria/escena-narrativa-proceso.mp4
/videos/composicion-narrativa-3d.mp4
/videos/organizacion-espacial.mp4
/videos/ambientes-efectivos.mp4
/images/teoria/preparacion-trabajos-3d.png
/videos/teoria/optimizacion-presentacion.mp4
/images/teoria/creacion-portafolios-3d.png
/videos/teoria/portafolio-digital-profesional.mp4
/images/teoria/tecnicas-exposicion-3d.png
/videos/teoria/exhibicion-efectiva.mp4
/images/teoria/presentacion-final-integral.png
/videos/masterclass-portafolios-digitales.mp4
/videos/tecnicas-presentacion-avanzadas.mp4
/videos/exposiciones-virtuales-inmersivas.mp4
/videos/storytelling-personal-creativos.mp4
/images/teoria/word-interfaz.jpg
/videos/teoria/introduccion-word.mp4
/images/teoria/word-usos.png
/images/teoria/historia-procesadores-texto.jpg
/videos/teoria/evolucion-word.mp4
/images/teoria/timeline-word.png
/images/teoria/interfaz-word-completa.jpg
/videos/teoria/navegacion-word.mp4
/images/teoria/atajos-word.png
/images/teoria/conceptos-word.jpg
/videos/teoria/fundamentos-word.mp4
/images/teoria/flujo-trabajo-word.png
/videos/tutorial-basico-word.mp4
/videos/estilos-word.mp4
/videos/documentos-profesionales.mp4
/images/teoria/powerpoint-introduccion.jpg
/videos/teoria/que-es-powerpoint.mp4
/images/teoria/usos-powerpoint.png
/images/teoria/historia-presentaciones.jpg
/videos/teoria/evolucion-powerpoint.mp4
/images/teoria/timeline-presentaciones.png
/images/teoria/interfaz-powerpoint.jpg
/videos/teoria/navegacion-powerpoint.mp4
/images/teoria/anatomia-powerpoint.png
/images/teoria/gestion-archivos-powerpoint.jpg
/videos/teoria/crear-abrir-guardar.mp4
/images/teoria/flujo-trabajo-archivos.png
/videos/powerpoint-primeros-pasos.mp4
/videos/navegacion-powerpoint.mp4
/videos/gestion-presentaciones.mp4
/images/teoria/vistas-powerpoint.jpg
/videos/teoria/navegacion-vistas.mp4
/images/teoria/gestion-diapositivas.jpg
/videos/teoria/operaciones-diapositivas.mp4
/images/teoria/disenos-powerpoint.jpg
/videos/teoria/marcadores-posicion.mp4
/images/teoria/organizacion-avanzada.jpg
/videos/teoria/navegacion-eficiente.mp4
/videos/vistas-powerpoint-completo.mp4
/videos/gestion-diapositivas.mp4
/videos/organizacion-avanzada.mp4
/images/teoria/formato-fuente.jpg
/videos/teoria/estilos-fuente.mp4
/images/teoria/alineacion-espaciado.jpg
/videos/teoria/parrafos-avanzado.mp4
/images/teoria/listas-vinetas.jpg
/videos/teoria/listas-efectivas.mp4
/images/teoria/herramientas-avanzadas.jpg
/videos/teoria/formato-profesional.mp4
/videos/formato-fuente-profesional.mp4
/videos/listas-efectivas.mp4
/videos/herramientas-avanzadas.mp4
/images/teoria/insertar-imagenes.jpg
/videos/teoria/fuentes-imagenes.mp4
/images/teoria/redimensionar-recortar.jpg
/videos/teoria/tecnicas-recorte.mp4
/images/teoria/estilos-efectos.jpg
/videos/teoria/efectos-profesionales.mp4
/images/teoria/optimizacion-imagenes.jpg
/videos/teoria/compresion-avanzada.mp4
/videos/insercion-imagenes-completo.mp4
/videos/recorte-profesional.mp4
/videos/efectos-avanzados.mp4
/videos/optimizacion-rendimiento.mp4
/images/teoria/smartart-tipos.jpg
/videos/teoria/smartart-efectivo.mp4
/images/teoria/graficos-datos.jpg
/videos/teoria/graficos-profesionales.mp4
/images/teoria/tablas-profesionales.jpg
/videos/teoria/diseño-tablas.mp4
/images/teoria/formas-diagramas.jpg
/videos/teoria/diagramas-profesionales.mp4
/videos/smartart-comunicacion.mp4
/videos/graficos-datos-pro.mp4
/videos/tablas-diagramas.mp4
/images/teoria/transiciones-powerpoint.jpg
/videos/teoria/transiciones-efectivas.mp4
/images/teoria/animaciones-objetos.jpg
/videos/teoria/animaciones-efectivas.mp4
/images/teoria/secuencias-timing.jpg
/videos/teoria/timing-profesional.mp4
/images/teoria/animaciones-profesionales.jpg
/videos/teoria/moderacion-efectos.mp4
/videos/transiciones-efectivas.mp4
/videos/animaciones-comunicacion.mp4
/videos/timing-narrativa.mp4
/images/teoria/modo-presentacion.jpg
/videos/teoria/presentar-profesional.mp4
/images/teoria/exportacion-formatos.jpg
/videos/teoria/exportar-profesional.mp4
/images/teoria/compartir-colaborar.jpg
/videos/teoria/colaboracion-efectiva.mp4
/images/teoria/presentacion-vivo.jpg
/videos/teoria/presentar-exitoso.mp4
/videos/modo-presentacion-maestria.mp4
/videos/exportacion-profesional.mp4
/videos/presentacion-exitosa.mp4
/images/excel/que-es-excel.png
/videos/excel/que-es-excel.mp4
/images/excel/interfaz-excel.png
/videos/excel/interfaz-excel.mp4
/videos/excel/navegacion-basica.mp4
/videos/excel/tipos-datos.mp4
/videos/excel/personalizacion-excel.mp4
/videos/excel/primeros-pasos-excel.mp4
/images/excel/edicion-datos-importancia.png
/videos/excel/importancia-edicion-datos.mp4
/videos/excel/ingreso-datos.mp4
/images/excel/modificar-eliminar-datos.png
/videos/excel/modificar-eliminar-datos.mp4
/videos/excel/portapapeles.mp4
/images/excel/validacion-correccion.png
/videos/excel/validacion-correccion.mp4
/videos/excel/edicion-validacion-datos.mp4
/videos/excel/seleccion-movimiento.mp4
/images/excel/insercion-eliminacion.png
/videos/excel/insercion-eliminacion.mp4
/images/excel/autollenado-organizacion.png
/videos/excel/autollenado-organizacion.mp4
/images/excel/formato-celdas-ejemplo.png
/videos/excel/formatos-excel.mp4
/images/excel/alineacion-estilos-ejemplo.png
/videos/excel/alineacion-estilos.mp4
/images/excel/condicional-ejemplo.png
/videos/excel/formato-condicional.mp4
/images/excel/gestion-hojas-ejemplo.png
/videos/excel/gestion-hojas.mp4
/images/excel/mover-copiar-hojas-ejemplo.png
/videos/excel/mover-copiar-hojas.mp4
/images/excel/estructura-interna-ejemplo.png
/videos/excel/estructura-interna.mp4
/videos/excel/organizacion-libros-avanzada.mp4
/images/excel/formula-basica-ejemplo.png
/videos/excel/formulas-basicas.mp4
/images/excel/funciones-basicas-ejemplo.png
/videos/excel/funciones-basicas.mp4
/images/excel/funcion-si-ejemplo.png
/videos/excel/funciones-avanzadas.mp4
/videos/excel/uso-funciones-excel.mp4
/images/excel/escalas-barras-iconos.png
/videos/excel/escalas-barras-iconos.mp4
/images/excel/formula-condicional-ejemplo.png
/videos/excel/formulas-condicionales.mp4
/images/excel/ejemplo-insercion-imagen.png
/videos/excel/insercion-ajuste-imagenes.mp4
/images/excel/ejemplo-grafico-barras.png
/videos/excel/creacion-ajuste-graficos.mp4
/videos/excel/creacion-graficos.mp4
/images/excel/ejemplo-grafico-columnas.png
/images/excel/ejemplo-grafico-personalizado.png
/images/excel/ejemplo-analisis-grafico.png
/images/excel/ejemplo-tabla.png
/videos/excel/creacion-tablas.mp4
/images/excel/ejemplo-tabla-formato.png
/images/excel/ejemplo-tabla-dinamica.png
/videos/excel/creacion-analisis-tablas-dinamicas.mp4
/images/excel/ejemplo-analisis-tabla-dinamica.png
/images/excel/ejemplo-validacion-datos.png
/videos/excel/validacion-depuracion-datos.mp4
/images/excel/ejemplo-ordenar-filtrar.png
/images/excel/ejemplo-validacion-unica.png
/images/excel/ejemplo-depuracion-datos.png
/images/teoria/historia-abaco.jpg
/images/teoria/dispositivos-antiguos.png
/images/teoria/pascalina.jpg
/videos/maquinas-mecanicas.mp4
/images/teoria/maquina-analitica.jpg
/images/teoria/babbage-timeline.png
/images/teoria/ada-lovelace.jpg
/docs/notas-ada-lovelace.pdf
/images/teoria/hollerith-maquina.jpg
/videos/era-electromecanica.mp4
/images/teoria/arquitectura-von-neumann.png
/images/teoria/eniac-univac.jpg
/videos/primeras-computadoras.mp4
/images/teoria/intel-4004.jpg
/images/teoria/evolucion-procesadores.png
/videos/microprocesador-revolucion.mp4
/docs/historia-computacion.pdf
/docs/pioneros-computacion.pdf
/videos/historia-computacion-completa.mp4
/images/teoria/definicion-informatica.jpg
/images/teoria/objetivos-informatica.png
/images/teoria/especializaciones.png
/images/teoria/proceso-transformacion.png
/images/teoria/sistemas-informacion.jpg
/images/teoria/componentes-sistema.png
/videos/ciclo-procesamiento.mp4
/images/teoria/algoritmos-computacion.jpg
/images/teoria/pensamiento-computacional.png
/videos/algoritmos-ejemplos.mp4
/images/teoria/tratamiento-automatico.jpg
/images/teoria/automatizacion-industria.png
/videos/ia-automatizacion.mp4
/docs/fundamentos-informatica.pdf
/docs/sistemas-informacion.pdf
/videos/que-es-informatica.mp4
/images/teoria/bit-representacion.png
/images/teoria/byte-explicacion.jpg
/images/teoria/ascii-table.png
/images/teoria/multiplos-byte.jpg
/images/teoria/conversion-unidades.png
/images/teoria/tipos-archivos.jpg
/images/teoria/tamaños-archivos.png
/images/teoria/dispositivos-almacenamiento.jpg
/images/teoria/comparacion-velocidades.png
/docs/conversion-unidades.pdf
/docs/tecnologias-almacenamiento.pdf
/videos/unidades-medida.mp4
/images/teoria/hardware-definicion.jpg
/images/teoria/hardware-vs-software.png
/images/teoria/tipos-entrada.png
/images/teoria/tipos-salida.png
/images/teoria/dispositivos-procesamiento.jpg
/images/teoria/cpu-gpu-comparacion.png
/videos/funcionamiento-cpu.mp4
/images/teoria/jerarquia-memoria.png
/videos/ssd-vs-hdd.mp4
/images/teoria/pantallas-tactiles.png
/videos/dispositivos-bidireccionales.mp4
/docs/hardware-completo.pdf
/docs/clasificacion-dispositivos.pdf
/videos/hardware-explicado.mp4
/images/teoria/software-definicion.jpg
/images/teoria/componentes-software.png
/images/teoria/software-sistema.jpg
/images/teoria/sistema-operativo.png
/images/teoria/software-aplicacion.jpg
/images/teoria/categorias-software.png
/images/teoria/software-programacion.jpg
/images/teoria/herramientas-desarrollo.png
/videos/ide-vs-editor.mp4
/images/teoria/tipos-licencias.png
/docs/guia-licencias.pdf
/docs/guia-software.pdf
/docs/licencias-explicadas.pdf
/videos/tipos-software.mp4
/videos/libre-vs-propietario.mp4
/images/teoria/motherboard-layout.png
/images/teoria/chipset-arquitectura.jpg
/images/teoria/buses-sistema.png
/images/teoria/cpu-arquitectura.jpg
/images/teoria/ciclo-instruccion.png
/images/teoria/memoria-ram.jpg
/images/teoria/tipos-ram.png
/images/teoria/ciclo-von-neumann.png
/docs/guia-motherboard.pdf
/docs/arquitectura-cpu.pdf
/docs/especificaciones-ram.pdf
/videos/von-neumann-arquitectura.mp4
/videos/cpu-funcionamiento.mp4
/images/teoria/piramide-memoria.png
/images/teoria/tipos-ram.jpg
/images/teoria/ddr-evolution.png
/images/teoria/hdd-componentes.jpg
/images/teoria/funcionamiento-hdd.png
/images/teoria/ssd-tecnologia.jpg
/images/teoria/ssd-vs-hdd.png
/images/teoria/medios-almacenamiento.jpg
/images/teoria/evolucion-opticos.png
/docs/jerarquia-memoria.pdf
/docs/especificaciones-almacenamiento.pdf
/docs/comparativa-almacenamiento.pdf
/videos/jerarquia-memoria.mp4
/videos/futuro-almacenamiento.mp4
/images/teoria/uso-raton-windows.jpg
/images/teoria/tipos-clic-raton.png
/videos/maestria-raton-teclado.mp4
/docs/guia-uso-raton.pdf
/images/teoria/teclado-windows.jpg
/images/teoria/atajos-teclado-basicos.png
/videos/teclado-en-pantalla-tutorial.mp4
/docs/atajos-teclado-windows.pdf
/images/teoria/aero-snap-guide.png
/videos/organizacion-ventanas-windows.mp4
/docs/guia-organizacion-ventanas.pdf
/videos/organizacion-ventanas-avanzada.mp4
/images/teoria/escritorio-windows.jpg
/images/teoria/elementos-escritorio.png
/videos/personalizacion-escritorio-completa.mp4
/images/teoria/barra-tareas-windows.jpg
/images/teoria/componentes-barra-tareas.png
/videos/personalizacion-barra-tareas.mp4
/docs/personalizacion-windows.pdf
/images/teoria/menu-inicio-windows.jpg
/images/teoria/personalizacion-menu-inicio.png
/videos/navegacion-menu-inicio-avanzada.mp4
/docs/guia-menu-inicio-windows.pdf
/docs/elementos-basicos-windows.pdf
/docs/manual-explorador-windows-completo.pdf
/docs/atajos-explorador-rapido.pdf
/videos/playlist-explorador-basico.m3u8
/images/teoria/explorador-windows-interfaz.png
/videos/intro-explorador-windows.mp4
/docs/manual-visual-explorador.pdf
/images/teoria/vistas-explorador-windows.jpg
/images/teoria/organizacion-archivos.png
/videos/vistas-organizacion-explorador.mp4
/docs/guia-vistas-organizacion-explorador.pdf
/videos/maestria-vistas-explorador.mp4
/images/teoria/archivos-carpetas-unidades.jpg
/images/teoria/tipos-archivos-extensiones.png
/videos/gestion-archivos-carpetas.mp4
/docs/guia-archivos-carpetas-unidades.pdf
/videos/maestria-archivos-carpetas.mp4
/images/teoria/seleccion-copiar.png
/images/teoria/renombrar-eliminar.png
/videos/operaciones-archivos-carpetas.mp4
/docs/guia-operaciones-archivos-carpetas.pdf
/videos/maestria-operaciones-archivos.mp4
/images/teoria/elementos-escritorio-windows.jpg
/images/teoria/componentes-escritorio.png
/images/teoria/personalizacion-fondo-pantalla.jpg
/images/teoria/tipos-ajuste-imagen.png
/videos/cambiar-fondo-pantalla-windows.mp4
/images/teoria/organizacion-iconos-escritorio.jpg
/images/teoria/estrategias-organizacion-escritorio.png
/videos/crear-organizar-accesos-directos.mp4
/images/teoria/configuracion-pantalla-windows.jpg
/images/teoria/resoluciones-escalado-pantalla.png
/videos/configuracion-protector-pantalla.mp4
/docs/personalizacion-escritorio-completa.pdf
/docs/organizacion-visual-escritorio.pdf
/docs/configuracion-pantalla-resolucion.pdf
/videos/personalizacion-completa-escritorio.mp4
/videos/organizacion-eficiente-iconos.mp4
/videos/configuracion-multiples-monitores.mp4
/videos/intro-windows/personalizacion-barra-tareas.mp4
/images/intro-windows/barra-tareas-ejemplo.png
/videos/intro-windows/personalizacion-menu-inicio.mp4
/images/intro-windows/menu-inicio-ejemplo.png
/videos/intro-windows/gestion-papelera-reciclaje.mp4
/videos/intro-windows/seguridad-control-parental.mp4
/images/teoria/windows-defender.jpg
/images/teoria/configuracion-seguridad-windows.png
/videos/windows-defender-configuracion.mp4
/images/teoria/compresion-archivos.jpg
/images/teoria/tipos-archivos-comprimidos.png
/videos/compresion-descompresion-archivos.mp4
/images/teoria/instalacion-programas-windows.jpg
/images/teoria/metodos-instalacion-seguros.png
/videos/instalacion-segura-software.mp4
/images/teoria/desinstalacion-programas.jpg
/images/teoria/metodos-desinstalacion.png
/videos/desinstalacion-limpia-programas.mp4
/images/teoria/panel-control-configuracion.jpg
/images/teoria/navegacion-configuraciones-windows.png
/videos/panel-control-vs-configuracion.mp4
/docs/windows-defender-guia-completa.pdf
/docs/compresion-archivos-manual.pdf
/docs/instalacion-segura-software.pdf
/videos/windows-defender-configuracion-completa.mp4
/videos/gestion-archivos-comprimidos.mp4
/videos/instalacion-desinstalacion-segura.mp4
/docs/algoritmos-basicos.pdf
/videos/encendido-apagado.mp4
/images/teoria/encendido-computador.jpg
/videos/tutorial-encendido.mp4
/images/teoria/componentes-monitor.jpg
/images/teoria/tipos-monitores.png
/images/teoria/cpu-interna.jpg
/videos/componentes-cpu.mp4
/images/teoria/partes-raton.jpg
/images/teoria/zonas-teclado.png
/docs/componentes-pc.pdf
/docs/atajos-teclado.pdf
/videos/componentes-explicacion.mp4
/docs/ergonomia-computador.pdf
/videos/tecnica-raton.mp4
/images/teoria/paint-introduccion.jpg
/images/teoria/que-es-paint.png
/videos/iniciando-paint.mp4
/images/teoria/interfaz-paint-completa.jpg
/images/teoria/elementos-interfaz-paint.png
/videos/navegando-interfaz-paint.mp4
/images/teoria/herramientas-paint.jpg
/images/teoria/cuadro-herramientas-completo.png
/videos/usando-herramientas-paint.mp4
/images/teoria/paleta-colores-paint.jpg
/images/teoria/teoria-color-basica.png
/videos/trabajando-colores-paint.mp4
/docs/guia-completa-paint.pdf
/docs/atajos-paint.pdf
/docs/teoria-color-principiantes.pdf
/videos/introduccion-paint-completa.mp4
/videos/herramientas-paint-detalle.mp4
/videos/colores-paint-avanzado.mp4
/docs/paint/guia-combinaciones-colores.md
/docs/paint/atajos-teclado-paint.md
/videos/paint/demostracion-tecnicas-avanzadas.mp4
/videos/teoria/crear-guardar-presentaciones.mp4
/videos/teoria/navegar-vistas.mp4
/images/teoria/guia-vistas.png
/images/teoria/cuadros-texto-powerpoint.jpg
/videos/teoria/insertar-texto.mp4
/images/teoria/formas-powerpoint.jpg
/videos/teoria/trabajar-formas.mp4
/images/teoria/organizacion-objetos.jpg
/videos/teoria/agrupar-alinear.mp4
/videos/objetos-powerpoint-completo.mp4
/videos/alineacion-avanzada.mp4
/videos/diagramas-profesionales.mp4
/images/redes/esquema-red-basica.jpg
/docs/redes-fundamentos.pdf
/images/redes/alcance-redes.png
/images/redes/topologias.png
/videos/redes/topologias-explicacion.mp4
/docs/redes-tipos.pdf
/videos/redes/lan-man-wan.mp4
/images/redes/topologias-principales.png
/images/redes/topologias-ventajas-desventajas.png
/videos/redes/topologias-ventajas.mp4
/docs/redes-topologias.pdf
/videos/redes/topologias-visual.mp4
/images/redes/cableado-estructurado.png
/images/redes/conectores-rj45.png
/videos/redes/cableado-estandares.mp4
/docs/redes-cableado.pdf
/videos/redes/cableado-rj45.mp4
/images/redes/dispositivos-principales.png
/images/redes/dispositivos-clasificacion.png
/videos/redes/dispositivos-clasificacion.mp4
/docs/redes-dispositivos.pdf
/videos/redes/dispositivos-explicacion.mp4
/images/redes/protocolo-definicion.png
/images/redes/protocolos-clave.png
/videos/redes/protocolos-explicacion.mp4
/docs/redes-protocolos.pdf
/videos/redes/protocolos-explicados.mp4
/images/redes/modelo-osi.png
/images/redes/modelo-tcpip.png
/videos/redes/modelos-comparacion.mp4
/docs/redes-modelos.pdf
/videos/redes/modelos-explicados.mp4
/images/redes/direccion-ip.png
/images/redes/mascara-subred.png
/videos/redes/mascara-subred-explicacion.mp4
/docs/redes-direccionamiento.pdf
/videos/redes/direccionamiento-explicado.mp4
/images/redes/amenazas-seguridad.png
/images/redes/buenas-practicas.png
/videos/redes/seguridad-practicas.mp4
/docs/redes-seguridad.pdf
/videos/redes/seguridad-buenas-practicas.mp4
/images/word/intro-word.png
/images/word/interfaz-principal.png
/images/word/cinta-opciones.png
/images/word/paneles-navegacion.png
/images/word/gestion-documentos.png
/images/word/personalizacion-entorno.png
/videos/word/primeros-pasos-word.mp4
/images/word/edicion-basica.png
/images/word/seleccion-texto.png
/images/word/copiar-cortar-pegar.png
/images/word/deshacer-rehacer.png
/images/word/formato-basico.png
/images/word/parrafos-saltos.png
/videos/word/edicion-formato-basico-word.mp4
/images/word/formato-texto.png
/images/word/alineacion-justificacion.png
/images/word/listas.png
/images/word/estilos-titulos.png
/images/word/espaciado-sangria.png
/videos/word/formato-estilos-word.mp4
/images/word/corrector-ortografico.png
/images/word/revision-sugerencias.png
/images/word/diccionario-personalizado.png
/images/word/idioma-revision.png
/images/word/sinonimos-sugerencias.png
/videos/word/revision-ortografica-word.mp4
/images/word/estilos-ejemplo.png
/videos/word/aplicar-estilos.mp4
/videos/word/crear-estilo-personalizado.mp4
/images/word/galeria-estilos.png
/videos/word/tabla-contenido.mp4
/images/word/plantilla-estilos.png
/videos/word/estilos-avanzados-word.mp4
/images/word/ejemplo-insercion-imagen.png
/videos/word/insertar-imagen.mp4
/images/word/edicion-imagen-ejemplo.png
/videos/word/editar-imagen.mp4
/images/word/ejemplo-formas.png
/videos/word/insertar-formas.mp4
/images/word/grafico-barras-ejemplo.png
/videos/word/crear-grafico.mp4
/images/word/organizacion-graficos.png
/videos/word/organizar-graficos.mp4
/videos/word/imagenes-graficos-word.mp4
/images/word/ejemplo-tabla-insercion.png
/videos/word/insertar-tabla.mp4
/images/word/edicion-tabla-ejemplo.png
/videos/word/editar-tabla.mp4
/images/word/estilos-tabla-ejemplo.png
/videos/word/formato-tabla.mp4
/images/word/combinar-celdas-ejemplo.png
/videos/word/combinar-dividir-celdas.mp4
/images/word/herramientas-tabla-ejemplo.png
/videos/word/herramientas-tabla.mp4
/videos/word/tablas-word.mp4
/images/word/ejemplo-diagrama-smartart.png
/videos/word/insertar-smartart.mp4
/images/word/ejemplo-organigrama.png
/videos/word/crear-organigrama.mp4
/images/word/personalizacion-diagrama.png
/videos/word/personalizar-diagrama.mp4
/images/word/agregar-elementos-diagrama.png
/videos/word/agregar-elementos-diagrama.mp4
/images/word/ventajas-diagramas.png
/videos/word/ventajas-diagramas.mp4
/videos/word/diagramas-smartart-word.mp4
/images/video-placeholder.jpg
/images/conexiones.jpg
/videos/encendido.mp4
/images/monitor.jpg
/images/cpu.jpg
/images/postura-raton.jpg